[debug] [2025-09-17T20:03:11.868Z] ----------------------------------------------------------------------
[debug] [2025-09-17T20:03:11.871Z] Command:       C:\Users\petty\.nvm\versions\node\v22.19.0\bin\node.exe C:\Users\petty\AppData\Roaming\npm\node_modules\firebase-tools\lib\bin\firebase.js init hosting
[debug] [2025-09-17T20:03:11.872Z] CLI Version:   14.16.0
[debug] [2025-09-17T20:03:11.872Z] Platform:      win32
[debug] [2025-09-17T20:03:11.872Z] Node Version:  v22.19.0
[debug] [2025-09-17T20:03:11.872Z] Time:          Wed Sep 17 2025 14:03:11 GMT-0600 (Mountain Daylight Time)
[debug] [2025-09-17T20:03:11.872Z] ----------------------------------------------------------------------
[debug] 
[debug] [2025-09-17T20:03:11.879Z] > command requires scopes: ["email","openid","https://www.googleapis.com/auth/cloudplatformprojects.readonly","https://www.googleapis.com/auth/firebase","https://www.googleapis.com/auth/cloud-platform"]
[debug] [2025-09-17T20:03:11.880Z] > authorizing via signed-in user (pettysw@gmail.com)
[info] 
     ######## #### ########  ######## ########     ###     ######  ########
     ##        ##  ##     ## ##       ##     ##  ##   ##  ##       ##
     ######    ##  ########  ######   ########  #########  ######  ######
     ##        ##  ##    ##  ##       ##     ## ##     ##       ## ##
     ##       #### ##     ## ######## ########  ##     ##  ######  ########

You're about to initialize a Firebase project in this directory:

  C:\Users\petty\Documents\BillTracker

[info] 
=== Project Setup
[info] 
[info] First, let's associate this project directory with a Firebase project.
[info] You can create multiple project aliases by running firebase use --add, 
[info] but for now we'll just set up a default project.
[info] 
[debug] [2025-09-17T20:04:04.383Z] Checked if tokens are valid: true, expires at: 1758142500548
[debug] [2025-09-17T20:04:04.383Z] Checked if tokens are valid: true, expires at: 1758142500548
[debug] [2025-09-17T20:04:04.386Z] >>> [apiv2][query] GET https://firebase.googleapis.com/v1beta1/projects pageSize=100
[debug] [2025-09-17T20:04:05.027Z] <<< [apiv2][status] GET https://firebase.googleapis.com/v1beta1/projects 200
[debug] [2025-09-17T20:04:05.027Z] <<< [apiv2][body] GET https://firebase.googleapis.com/v1beta1/projects [omitted]
[info] i  Using project emailforge-3cxjd (EmailForge) 
[info] 
=== Hosting Setup
[debug] [2025-09-17T20:09:23.712Z] Checked if tokens are valid: true, expires at: 1758142500548
[debug] [2025-09-17T20:09:23.713Z] Checked if tokens are valid: true, expires at: 1758142500548
[debug] [2025-09-17T20:09:23.714Z] >>> [apiv2][query] GET https://firebase.googleapis.com/v1beta1/projects/emailforge-3cxjd [none]
[debug] [2025-09-17T20:09:24.152Z] <<< [apiv2][status] GET https://firebase.googleapis.com/v1beta1/projects/emailforge-3cxjd 200
[debug] [2025-09-17T20:09:24.153Z] <<< [apiv2][body] GET https://firebase.googleapis.com/v1beta1/projects/emailforge-3cxjd {"projectId":"emailforge-3cxjd","projectNumber":"223724673949","displayName":"EmailForge","name":"projects/emailforge-3cxjd","resources":{"hostingSite":"emailforge-3cxjd"},"state":"ACTIVE","etag":"1_9f412051-633f-4b9c-8525-3f41f0183b59"}
[info] 
[info] Your public directory is the folder (relative to your project directory) that
[info] will contain Hosting assets to be uploaded with firebase deploy. If you
[info] have a build process for your assets, use your build's output directory.
[info] 
[debug] [2025-09-17T20:10:22.221Z] >>> [apiv2][query] GET https://www.gstatic.com/firebasejs/releases.json [none]
[debug] [2025-09-17T20:10:22.484Z] <<< [apiv2][status] GET https://www.gstatic.com/firebasejs/releases.json 200
[debug] [2025-09-17T20:10:22.484Z] <<< [apiv2][body] GET https://www.gstatic.com/firebasejs/releases.json {"current":{"version":"12.2.1","browserURL":"https://www.gstatic.com/firebasejs/12.2.1/firebase.js","packageURL":"https://www.gstatic.com/firebasejs/12.2.1/firebase.tgz"},"live":{"version":"12.2","browserURL":"https://www.gstatic.com/firebasejs/live/12.2/firebase.js","packageURL":"https://www.gstatic.com/firebasejs/live/12.2/firebase.tgz"},"components":{"ai":"https://www.gstatic.com/firebasejs/12.2.1/firebase-ai.js","analytics":"https://www.gstatic.com/firebasejs/12.2.1/firebase-analytics.js","app":"https://www.gstatic.com/firebasejs/12.2.1/firebase-app.js","app-check":"https://www.gstatic.com/firebasejs/12.2.1/firebase-app-check.js","auth":"https://www.gstatic.com/firebasejs/12.2.1/firebase-auth.js","auth/cordova":"https://www.gstatic.com/firebasejs/12.2.1/firebase-auth/cordova.js","auth/web-extension":"https://www.gstatic.com/firebasejs/12.2.1/firebase-auth/web-extension.js","functions":"https://www.gstatic.com/firebasejs/12.2.1/firebase-functions.js","firestore":"https://www.gstatic.com/firebasejs/12.2.1/firebase-firestore.js","firestore/lite":"https://www.gstatic.com/firebasejs/12.2.1/firebase-firestore/lite.js","installations":"https://www.gstatic.com/firebasejs/12.2.1/firebase-installations.js","storage":"https://www.gstatic.com/firebasejs/12.2.1/firebase-storage.js","performance":"https://www.gstatic.com/firebasejs/12.2.1/firebase-performance.js","remote-config":"https://www.gstatic.com/firebasejs/12.2.1/firebase-remote-config.js","messaging":"https://www.gstatic.com/firebasejs/12.2.1/firebase-messaging.js","messaging/sw":"https://www.gstatic.com/firebasejs/12.2.1/firebase-messaging/sw.js","database":"https://www.gstatic.com/firebasejs/12.2.1/firebase-database.js","data-connect":"https://www.gstatic.com/firebasejs/12.2.1/firebase-data-connect.js","firestore.memory":"https://www.gstatic.com/firebasejs/12.2.1/firebase-firestore.memory.js"}}
[info] +  Wrote public/index.html 
[info] 
[info] i  Didn't detect a .git folder. Assuming C:\Users\petty\Documents\BillTracker is the project root. 
[info] i  Authorizing with GitHub to upload your service account to a GitHub repository's secrets store. 
[info] 
[info] Visit this URL on this device to log in:
[info] https://github.com/login/oauth/authorize?client_id=89cf50f02ac6aaed3484&state=99977434&redirect_uri=http%3A%2F%2Flocalhost%3A9005&scope=read%3Auser%20repo%20public_repo
[info] 
[info] Waiting for authentication...
